[2018-10-03 05:25:35] laravel.EMERGENCY: Unable to create configured logger. Using emergency logger. {"exception":"[object] (InvalidArgumentException(code: 0): Log [] is not defined. at C:\\Users\\isaac\\Desktop\\trabalho\\TesteUello\\vendor\\laravel\\framework\\src\\Illuminate\\Log\\LogManager.php:167)
[stacktrace]
#0 C:\\Users\\isaac\\Desktop\\trabalho\\TesteUello\\vendor\\laravel\\framework\\src\\Illuminate\\Log\\LogManager.php(101): Illuminate\\Log\\LogManager->resolve(NULL)
#1 C:\\Users\\isaac\\Desktop\\trabalho\\TesteUello\\vendor\\laravel\\framework\\src\\Illuminate\\Log\\LogManager.php(89): Illuminate\\Log\\LogManager->get(NULL)
#2 C:\\Users\\isaac\\Desktop\\trabalho\\TesteUello\\vendor\\laravel\\framework\\src\\Illuminate\\Log\\LogManager.php(488): Illuminate\\Log\\LogManager->driver()
#3 C:\\Users\\isaac\\Desktop\\trabalho\\TesteUello\\vendor\\laravel\\framework\\src\\Illuminate\\Foundation\\Exceptions\\Handler.php(114): Illuminate\\Log\\LogManager->error('Class 'Maatwebs...', Array)
#4 C:\\Users\\isaac\\Desktop\\trabalho\\TesteUello\\app\\Exceptions\\Handler.php(37): Illuminate\\Foundation\\Exceptions\\Handler->report(Object(Symfony\\Component\\Debug\\Exception\\FatalThrowableError))
#5 C:\\Users\\isaac\\Desktop\\trabalho\\TesteUello\\vendor\\laravel\\framework\\src\\Illuminate\\Foundation\\Console\\Kernel.php(353): App\\Exceptions\\Handler->report(Object(Symfony\\Component\\Debug\\Exception\\FatalThrowableError))
#6 C:\\Users\\isaac\\Desktop\\trabalho\\TesteUello\\vendor\\laravel\\framework\\src\\Illuminate\\Foundation\\Console\\Kernel.php(132): Illuminate\\Foundation\\Console\\Kernel->reportException(Object(Symfony\\Component\\Debug\\Exception\\FatalThrowableError))
#7 C:\\Users\\isaac\\Desktop\\trabalho\\TesteUello\\artisan(37): Illuminate\\Foundation\\Console\\Kernel->handle(Object(Symfony\\Component\\Console\\Input\\ArgvInput), Object(Symfony\\Component\\Console\\Output\\ConsoleOutput))
#8 {main}
"} 
[2018-10-03 05:25:35] laravel.ERROR: Class 'Maatwebsite\Excel\Excel' not found {"exception":"[object] (Symfony\\Component\\Debug\\Exception\\FatalThrowableError(code: 0): Class 'Maatwebsite\\Excel\\Excel' not found at C:\\Users\\isaac\\Desktop\\trabalho\\TesteUello\\config\\excel.php:59)
[stacktrace]
#0 C:\\Users\\isaac\\Desktop\\trabalho\\TesteUello\\vendor\\laravel\\framework\\src\\Illuminate\\Foundation\\Bootstrap\\LoadConfiguration.php(72): require()
#1 C:\\Users\\isaac\\Desktop\\trabalho\\TesteUello\\vendor\\laravel\\framework\\src\\Illuminate\\Foundation\\Bootstrap\\LoadConfiguration.php(39): Illuminate\\Foundation\\Bootstrap\\LoadConfiguration->loadConfigurationFiles(Object(Illuminate\\Foundation\\Application), Object(Illuminate\\Config\\Repository))
#2 C:\\Users\\isaac\\Desktop\\trabalho\\TesteUello\\vendor\\laravel\\framework\\src\\Illuminate\\Foundation\\Application.php(206): Illuminate\\Foundation\\Bootstrap\\LoadConfiguration->bootstrap(Object(Illuminate\\Foundation\\Application))
#3 C:\\Users\\isaac\\Desktop\\trabalho\\TesteUello\\vendor\\laravel\\framework\\src\\Illuminate\\Foundation\\Console\\Kernel.php(297): Illuminate\\Foundation\\Application->bootstrapWith(Array)
#4 C:\\Users\\isaac\\Desktop\\trabalho\\TesteUello\\vendor\\laravel\\framework\\src\\Illuminate\\Foundation\\Console\\Kernel.php(120): Illuminate\\Foundation\\Console\\Kernel->bootstrap()
#5 C:\\Users\\isaac\\Desktop\\trabalho\\TesteUello\\artisan(37): Illuminate\\Foundation\\Console\\Kernel->handle(Object(Symfony\\Component\\Console\\Input\\ArgvInput), Object(Symfony\\Component\\Console\\Output\\ConsoleOutput))
#6 {main}
"} 
[2018-10-03 05:30:19] laravel.EMERGENCY: Unable to create configured logger. Using emergency logger. {"exception":"[object] (InvalidArgumentException(code: 0): Log [] is not defined. at C:\\Users\\isaac\\Desktop\\trabalho\\TesteUello\\vendor\\laravel\\framework\\src\\Illuminate\\Log\\LogManager.php:167)
[stacktrace]
#0 C:\\Users\\isaac\\Desktop\\trabalho\\TesteUello\\vendor\\laravel\\framework\\src\\Illuminate\\Log\\LogManager.php(101): Illuminate\\Log\\LogManager->resolve(NULL)
#1 C:\\Users\\isaac\\Desktop\\trabalho\\TesteUello\\vendor\\laravel\\framework\\src\\Illuminate\\Log\\LogManager.php(89): Illuminate\\Log\\LogManager->get(NULL)
#2 C:\\Users\\isaac\\Desktop\\trabalho\\TesteUello\\vendor\\laravel\\framework\\src\\Illuminate\\Log\\LogManager.php(488): Illuminate\\Log\\LogManager->driver()
#3 C:\\Users\\isaac\\Desktop\\trabalho\\TesteUello\\vendor\\laravel\\framework\\src\\Illuminate\\Foundation\\Exceptions\\Handler.php(114): Illuminate\\Log\\LogManager->error('Class 'Maatwebs...', Array)
#4 C:\\Users\\isaac\\Desktop\\trabalho\\TesteUello\\app\\Exceptions\\Handler.php(37): Illuminate\\Foundation\\Exceptions\\Handler->report(Object(Symfony\\Component\\Debug\\Exception\\FatalThrowableError))
#5 C:\\Users\\isaac\\Desktop\\trabalho\\TesteUello\\vendor\\laravel\\framework\\src\\Illuminate\\Foundation\\Http\\Kernel.php(314): App\\Exceptions\\Handler->report(Object(Symfony\\Component\\Debug\\Exception\\FatalThrowableError))
#6 C:\\Users\\isaac\\Desktop\\trabalho\\TesteUello\\vendor\\laravel\\framework\\src\\Illuminate\\Foundation\\Http\\Kernel.php(122): Illuminate\\Foundation\\Http\\Kernel->reportException(Object(Symfony\\Component\\Debug\\Exception\\FatalThrowableError))
#7 C:\\Users\\isaac\\Desktop\\trabalho\\TesteUello\\public\\index.php(55): Illuminate\\Foundation\\Http\\Kernel->handle(Object(Illuminate\\Http\\Request))
#8 C:\\Users\\isaac\\Desktop\\trabalho\\TesteUello\\server.php(21): require_once('C:\\\\Users\\\\isaac\\\\...')
#9 {main}
"} 
[2018-10-03 05:30:19] laravel.ERROR: Class 'Maatwebsite\Excel\Excel' not found {"exception":"[object] (Symfony\\Component\\Debug\\Exception\\FatalThrowableError(code: 0): Class 'Maatwebsite\\Excel\\Excel' not found at C:\\Users\\isaac\\Desktop\\trabalho\\TesteUello\\config\\excel.php:59)
[stacktrace]
#0 C:\\Users\\isaac\\Desktop\\trabalho\\TesteUello\\vendor\\laravel\\framework\\src\\Illuminate\\Foundation\\Bootstrap\\LoadConfiguration.php(72): require()
#1 C:\\Users\\isaac\\Desktop\\trabalho\\TesteUello\\vendor\\laravel\\framework\\src\\Illuminate\\Foundation\\Bootstrap\\LoadConfiguration.php(39): Illuminate\\Foundation\\Bootstrap\\LoadConfiguration->loadConfigurationFiles(Object(Illuminate\\Foundation\\Application), Object(Illuminate\\Config\\Repository))
#2 C:\\Users\\isaac\\Desktop\\trabalho\\TesteUello\\vendor\\laravel\\framework\\src\\Illuminate\\Foundation\\Application.php(206): Illuminate\\Foundation\\Bootstrap\\LoadConfiguration->bootstrap(Object(Illuminate\\Foundation\\Application))
#3 C:\\Users\\isaac\\Desktop\\trabalho\\TesteUello\\vendor\\laravel\\framework\\src\\Illuminate\\Foundation\\Http\\Kernel.php(162): Illuminate\\Foundation\\Application->bootstrapWith(Array)
#4 C:\\Users\\isaac\\Desktop\\trabalho\\TesteUello\\vendor\\laravel\\framework\\src\\Illuminate\\Foundation\\Http\\Kernel.php(146): Illuminate\\Foundation\\Http\\Kernel->bootstrap()
#5 C:\\Users\\isaac\\Desktop\\trabalho\\TesteUello\\vendor\\laravel\\framework\\src\\Illuminate\\Foundation\\Http\\Kernel.php(116): Illuminate\\Foundation\\Http\\Kernel->sendRequestThroughRouter(Object(Illuminate\\Http\\Request))
#6 C:\\Users\\isaac\\Desktop\\trabalho\\TesteUello\\public\\index.php(55): Illuminate\\Foundation\\Http\\Kernel->handle(Object(Illuminate\\Http\\Request))
#7 C:\\Users\\isaac\\Desktop\\trabalho\\TesteUello\\server.php(21): require_once('C:\\\\Users\\\\isaac\\\\...')
#8 {main}
"} 
