[2018-10-08 10:23:15] local.ERROR: The "-p" option does not exist. {"exception":"[object] (Symfony\\Component\\Console\\Exception\\RuntimeException(code: 0): The \"-p\" option does not exist. at C:\\Users\\isaac\\Desktop\\trabalho\\TesteUello\\vendor\\symfony\\console\\Input\\ArgvInput.php:201)
[stacktrace]
#0 C:\\Users\\isaac\\Desktop\\trabalho\\TesteUello\\vendor\\symfony\\console\\Input\\ArgvInput.php(108): Symfony\\Component\\Console\\Input\\ArgvInput->addShortOption('p', NULL)
#1 C:\\Users\\isaac\\Desktop\\trabalho\\TesteUello\\vendor\\symfony\\console\\Input\\ArgvInput.php(84): Symfony\\Component\\Console\\Input\\ArgvInput->parseShortOption('-p')
#2 C:\\Users\\isaac\\Desktop\\trabalho\\TesteUello\\vendor\\symfony\\console\\Input\\Input.php(55): Symfony\\Component\\Console\\Input\\ArgvInput->parse()
#3 C:\\Users\\isaac\\Desktop\\trabalho\\TesteUello\\vendor\\symfony\\console\\Command\\Command.php(214): Symfony\\Component\\Console\\Input\\Input->bind(Object(Symfony\\Component\\Console\\Input\\InputDefinition))
#4 C:\\Users\\isaac\\Desktop\\trabalho\\TesteUello\\vendor\\laravel\\framework\\src\\Illuminate\\Console\\Command.php(170): Symfony\\Component\\Console\\Command\\Command->run(Object(Symfony\\Component\\Console\\Input\\ArgvInput), Object(Illuminate\\Console\\OutputStyle))
#5 C:\\Users\\isaac\\Desktop\\trabalho\\TesteUello\\vendor\\symfony\\console\\Application.php(888): Illuminate\\Console\\Command->run(Object(Symfony\\Component\\Console\\Input\\ArgvInput), Object(Symfony\\Component\\Console\\Output\\ConsoleOutput))
#6 C:\\Users\\isaac\\Desktop\\trabalho\\TesteUello\\vendor\\symfony\\console\\Application.php(264): Symfony\\Component\\Console\\Application->doRunCommand(Object(Illuminate\\Foundation\\Console\\ServeCommand), Object(Symfony\\Component\\Console\\Input\\ArgvInput), Object(Symfony\\Component\\Console\\Output\\ConsoleOutput))
#7 C:\\Users\\isaac\\Desktop\\trabalho\\TesteUello\\vendor\\symfony\\console\\Application.php(145): Symfony\\Component\\Console\\Application->doRun(Object(Symfony\\Component\\Console\\Input\\ArgvInput), Object(Symfony\\Component\\Console\\Output\\ConsoleOutput))
#8 C:\\Users\\isaac\\Desktop\\trabalho\\TesteUello\\vendor\\laravel\\framework\\src\\Illuminate\\Console\\Application.php(89): Symfony\\Component\\Console\\Application->run(Object(Symfony\\Component\\Console\\Input\\ArgvInput), Object(Symfony\\Component\\Console\\Output\\ConsoleOutput))
#9 C:\\Users\\isaac\\Desktop\\trabalho\\TesteUello\\vendor\\laravel\\framework\\src\\Illuminate\\Foundation\\Console\\Kernel.php(122): Illuminate\\Console\\Application->run(Object(Symfony\\Component\\Console\\Input\\ArgvInput), Object(Symfony\\Component\\Console\\Output\\ConsoleOutput))
#10 C:\\Users\\isaac\\Desktop\\trabalho\\TesteUello\\artisan(37): Illuminate\\Foundation\\Console\\Kernel->handle(Object(Symfony\\Component\\Console\\Input\\ArgvInput), Object(Symfony\\Component\\Console\\Output\\ConsoleOutput))
#11 {main}
"} 
[2018-10-08 11:09:13] local.ERROR: Cannot declare class CreateEnderecosTable, because the name is already in use {"exception":"[object] (Symfony\\Component\\Debug\\Exception\\FatalErrorException(code: 64): Cannot declare class CreateEnderecosTable, because the name is already in use at C:\\Users\\isaac\\Desktop\\trabalho\\TesteUello\\database\\migrations\\2018_10_02_234141_create_enderecos_table.php:31)
[stacktrace]
#0 {main}
"} 
[2018-10-08 11:09:40] local.ERROR: Cannot declare class CreateEnderecosTable, because the name is already in use {"exception":"[object] (Symfony\\Component\\Debug\\Exception\\FatalErrorException(code: 64): Cannot declare class CreateEnderecosTable, because the name is already in use at C:\\Users\\isaac\\Desktop\\trabalho\\TesteUello\\database\\migrations\\2018_10_02_234141_create_enderecos_table.php:31)
[stacktrace]
#0 {main}
"} 
[2018-10-08 11:10:15] local.ERROR: Cannot declare class CreateEnderecosTable, because the name is already in use {"exception":"[object] (Symfony\\Component\\Debug\\Exception\\FatalErrorException(code: 64): Cannot declare class CreateEnderecosTable, because the name is already in use at C:\\Users\\isaac\\Desktop\\trabalho\\TesteUello\\database\\migrations\\2018_10_02_234141_create_enderecos_table.php:31)
[stacktrace]
#0 {main}
"} 
[2018-10-08 11:10:25] local.ERROR: Cannot declare class CreateEnderecosTable, because the name is already in use {"exception":"[object] (Symfony\\Component\\Debug\\Exception\\FatalErrorException(code: 64): Cannot declare class CreateEnderecosTable, because the name is already in use at C:\\Users\\isaac\\Desktop\\trabalho\\TesteUello\\database\\migrations\\2018_10_02_234141_create_enderecos_table.php:31)
[stacktrace]
#0 {main}
"} 
[2018-10-08 11:10:45] local.ERROR: Cannot declare class CreateEnderecosTable, because the name is already in use {"exception":"[object] (Symfony\\Component\\Debug\\Exception\\FatalErrorException(code: 64): Cannot declare class CreateEnderecosTable, because the name is already in use at C:\\Users\\isaac\\Desktop\\trabalho\\TesteUello\\database\\migrations\\2018_10_02_234141_create_enderecos_table.php:31)
[stacktrace]
#0 {main}
"} 
